Parsing seed URL
Page with URL https://intraweb.cs.sfu.ca/ is not relevant.
Page with URL https://portal.cs.sfu.ca/ is not relevant.
Page with URL http://www.cs.sfu.ca/~ggbaker/ is relevant.
Page with URL http://www.cs.sfu.ca/~bbart/ is not relevant.
Page with URL http://www.cs.sfu.ca/~petra/ is relevant.
Page with URL http://www.cs.sfu.ca/~binay/ is not relevant.
Page with URL http://www.cs.sfu.ca/~abulatov/ is relevant.
Page with URL http://www.cs.sfu.ca/~cameron/ is relevant.
Page with URL http://www.cs.sfu.ca/%7Everonica/ is not relevant.
Page with URL http://www.cs.sfu.ca/~veronica/ is not relevant.
Page with URL http://www.cs.sfu.ca/~jim/ is not relevant.
cant open pagehttp://www.cs.sfu.ca/~mark/
cant open pagehttp://www.cs.sfu.ca/~funda/
Page with URL http://www.cs.sfu.ca/~ester/ is relevant.
Page with URL http://www.cs.sfu.ca/~fedorova/ is relevant.
cant open pagehttp://www.cs.sfu.ca/~bfraser/
Page with URL http://www.cs.sfu.ca/~funt/ is not relevant.
Page with URL http://www.cs.sfu.ca/~glaesser/ is not relevant.
Page with URL http://www.cs.sfu.ca/~qgu/ is not relevant.
cant open pagehttp://www.cs.sfu.ca/~lou/
Page with URL http://www.cs.sfu.ca/~hamarneh/ is relevant.
Page with URL http://www.cs.sfu.ca/~mhefeeda/ is relevant.
Page with URL http://www.cs.sfu.ca/~pavol/ is not relevant.
Page with URL http://www.cs.sfu.ca/~kabanets/ is relevant.
Page with URL http://www.cs.sfu.ca/~hskhangu/ is not relevant.
Page with URL http://www.cs.sfu.ca/~ted/ is not relevant.
Page with URL http://www.cs.sfu.ca/~ramesh/ is relevant.
Page with URL http://www.cs.sfu.ca/~alavergn/ is not relevant.
Page with URL http://www.cs.sfu.ca/~li/ is not relevant.
Page with URL http://www.cs.sfu.ca/~art/ is relevant.
Page with URL http://www.cs.sfu.ca/people/Faculty/Profile/jcliu.html is not relevant.
Page with URL http://www.cs.sfu.ca/~jcliu/ is relevant.
Page with URL http://www.cs.sfu.ca/~woshun/ is relevant.
Page with URL http://www.cs.sfu.ca/~mitchell/ is relevant.
Page with URL http://www.cs.sfu.ca/~mori/ is relevant.
Page with URL http://www.cs.sfu.ca/~torsten/ is relevant.
Page with URL http://www.cs.sfu.ca/~stevenp/ is not relevant.
Page with URL http://www.cs.sfu.ca/~jpei/ is not relevant.
Page with URL http://www.cs.sfu.ca/~peters/ is relevant.
Page with URL http://www.cs.sfu.ca/~popowich/ is not relevant.
Page with URL http://www.cs.sfu.ca/~jregan/ is not relevant.
cant open pagehttp://www.cs.sfu.ca/~cenk/
Page with URL http://www.cs.sfu.ca/~anoop/ is relevant.
Page with URL http://www.cs.sfu.ca/~oschulte/ is relevant.
Page with URL http://www.cs.sfu.ca/~shermer/ is relevant.
Page with URL http://www.cs.sfu.ca/people/Faculty/Profile/ashriram.html is not relevant.
Page with URL http://www.cs.sfu.ca/~ashriram/ is relevant.
Page with URL http://www.cs.sfu.ca/people/Faculty/Profile/tamaras.html is not relevant.
Page with URL http://www.cs.sfu.ca/~tamaras/ is relevant.
Page with URL http://www.cs.sfu.ca/people/Faculty/Profile/tardos.html is not relevant.
Page with URL http://www.cs.sfu.ca/~tardos/ is not relevant.
Page with URL http://www.cs.sfu.ca/people/Faculty/Profile/ter.html is not relevant.
Page with URL http://www.cs.sfu.ca/~ter/ is not relevant.
Page with URL http://www.cs.sfu.ca/people/Faculty/Profile/vaughan.html is not relevant.
Page with URL http://www.cs.sfu.ca/~vaughan/ is relevant.
Page with URL http://www.cs.sfu.ca/people/Faculty/Profile/wangk.html is not relevant.
Page with URL http://www.cs.sfu.ca/~wangk/ is relevant.
Page with URL http://www.cs.sfu.ca/~wiese/ is not relevant.
Page with URL http://www.cs.sfu.ca/people/Faculty/Profile/haoz.html is not relevant.
Page with URL http://www.cs.sfu.ca/~haoz/ is relevant.
